{"D:\\git\\meli\\src\\index.ts": {"path":"D:\\git\\meli\\src\\index.ts","statementMap":{"0":{"start":{"line":4,"column":0},"end":{"line":4,"column":19}}},"fnMap":{},"branchMap":{},"s":{"0":0},"f":{},"b":{}}
,"D:\\git\\meli\\src\\core\\app.ts": {"path":"D:\\git\\meli\\src\\core\\app.ts","statementMap":{"0":{"start":{"line":4,"column":13},"end":{"line":4,"column":22}},"1":{"start":{"line":5,"column":0},"end":{"line":5,"column":78}},"2":{"start":{"line":7,"column":13},"end":{"line":7,"column":37}},"3":{"start":{"line":9,"column":2},"end":{"line":12,"column":5}},"4":{"start":{"line":10,"column":4},"end":{"line":10,"column":35}},"5":{"start":{"line":11,"column":4},"end":{"line":11,"column":44}},"6":{"start":{"line":15,"column":19},"end":{"line":15,"column":23}}},"fnMap":{"0":{"name":"startService","decl":{"start":{"line":8,"column":16},"end":{"line":8,"column":28}},"loc":{"start":{"line":8,"column":31},"end":{"line":13,"column":1}},"line":8},"1":{"name":"(anonymous_1)","decl":{"start":{"line":9,"column":19},"end":{"line":9,"column":20}},"loc":{"start":{"line":9,"column":25},"end":{"line":12,"column":3}},"line":9}},"branchMap":{"0":{"loc":{"start":{"line":7,"column":13},"end":{"line":7,"column":37}},"type":"binary-expr","locations":[{"start":{"line":7,"column":13},"end":{"line":7,"column":29}},{"start":{"line":7,"column":33},"end":{"line":7,"column":37}}],"line":7}},"s":{"0":0,"1":0,"2":0,"3":0,"4":0,"5":0,"6":0},"f":{"0":0,"1":0},"b":{"0":[0,0]}}
,"D:\\git\\meli\\src\\core\\index.ts": {"path":"D:\\git\\meli\\src\\core\\index.ts","statementMap":{},"fnMap":{},"branchMap":{},"s":{},"f":{},"b":{}}
,"D:\\git\\meli\\src\\core\\signature.ts": {"path":"D:\\git\\meli\\src\\core\\signature.ts","statementMap":{"0":{"start":{"line":2,"column":2},"end":{"line":4,"column":4}}},"fnMap":{"0":{"name":"getAuthor","decl":{"start":{"line":1,"column":16},"end":{"line":1,"column":25}},"loc":{"start":{"line":1,"column":28},"end":{"line":5,"column":1}},"line":1}},"branchMap":{},"s":{"0":2},"f":{"0":2},"b":{},"_coverageSchema":"1a1c01bbd47fc00a2c39e90264f33305004495a9","hash":"8dde9e761de25bfb0f082cfc6ea648c6cb4a1588"}
,"D:\\git\\meli\\src\\modules\\products\\index.ts": {"path":"D:\\git\\meli\\src\\modules\\products\\index.ts","statementMap":{},"fnMap":{},"branchMap":{},"s":{},"f":{},"b":{}}
,"D:\\git\\meli\\src\\modules\\products\\adapters\\controllers\\products.ctrl.ts": {"path":"D:\\git\\meli\\src\\modules\\products\\adapters\\controllers\\products.ctrl.ts","statementMap":{"0":{"start":{"line":11,"column":2},"end":{"line":11,"column":65}},"1":{"start":{"line":12,"column":2},"end":{"line":12,"column":36}},"2":{"start":{"line":16,"column":17},"end":{"line":16,"column":19}},"3":{"start":{"line":17,"column":2},"end":{"line":22,"column":3}},"4":{"start":{"line":18,"column":16},"end":{"line":18,"column":49}},"5":{"start":{"line":19,"column":3},"end":{"line":19,"column":71}},"6":{"start":{"line":21,"column":3},"end":{"line":21,"column":49}},"7":{"start":{"line":23,"column":2},"end":{"line":23,"column":18}},"8":{"start":{"line":27,"column":17},"end":{"line":27,"column":19}},"9":{"start":{"line":29,"column":2},"end":{"line":34,"column":3}},"10":{"start":{"line":30,"column":16},"end":{"line":30,"column":48}},"11":{"start":{"line":31,"column":3},"end":{"line":31,"column":62}},"12":{"start":{"line":33,"column":3},"end":{"line":33,"column":49}},"13":{"start":{"line":36,"column":2},"end":{"line":36,"column":18}},"14":{"start":{"line":40,"column":17},"end":{"line":40,"column":51}},"15":{"start":{"line":41,"column":2},"end":{"line":41,"column":16}},"16":{"start":{"line":45,"column":19},"end":{"line":45,"column":47}},"17":{"start":{"line":46,"column":2},"end":{"line":46,"column":16}},"18":{"start":{"line":50,"column":17},"end":{"line":50,"column":55}},"19":{"start":{"line":51,"column":2},"end":{"line":51,"column":16}},"20":{"start":{"line":55,"column":17},"end":{"line":55,"column":54}},"21":{"start":{"line":56,"column":2},"end":{"line":56,"column":16}}},"fnMap":{"0":{"name":"(anonymous_0)","decl":{"start":{"line":10,"column":1},"end":{"line":10,"column":2}},"loc":{"start":{"line":10,"column":15},"end":{"line":13,"column":2}},"line":10},"1":{"name":"(anonymous_1)","decl":{"start":{"line":15,"column":1},"end":{"line":15,"column":2}},"loc":{"start":{"line":15,"column":59},"end":{"line":24,"column":2}},"line":15},"2":{"name":"(anonymous_2)","decl":{"start":{"line":26,"column":1},"end":{"line":26,"column":2}},"loc":{"start":{"line":26,"column":54},"end":{"line":37,"column":2}},"line":26},"3":{"name":"(anonymous_3)","decl":{"start":{"line":39,"column":1},"end":{"line":39,"column":2}},"loc":{"start":{"line":39,"column":42},"end":{"line":42,"column":2}},"line":39},"4":{"name":"(anonymous_4)","decl":{"start":{"line":44,"column":1},"end":{"line":44,"column":2}},"loc":{"start":{"line":44,"column":36},"end":{"line":47,"column":2}},"line":44},"5":{"name":"(anonymous_5)","decl":{"start":{"line":49,"column":1},"end":{"line":49,"column":2}},"loc":{"start":{"line":49,"column":52},"end":{"line":52,"column":2}},"line":49},"6":{"name":"(anonymous_6)","decl":{"start":{"line":54,"column":1},"end":{"line":54,"column":2}},"loc":{"start":{"line":54,"column":51},"end":{"line":57,"column":2}},"line":54}},"branchMap":{},"s":{"0":2,"1":2,"2":0,"3":0,"4":0,"5":0,"6":0,"7":0,"8":0,"9":0,"10":0,"11":0,"12":0,"13":0,"14":1,"15":1,"16":1,"17":1,"18":0,"19":0,"20":0,"21":0},"f":{"0":2,"1":0,"2":0,"3":1,"4":1,"5":0,"6":0},"b":{},"_coverageSchema":"1a1c01bbd47fc00a2c39e90264f33305004495a9","hash":"380748bcd6fea2ea4be23aff51f5e613e07ec38b"}
,"D:\\git\\meli\\src\\modules\\products\\adapters\\mappings\\item-api-to-item-map.ts": {"path":"D:\\git\\meli\\src\\modules\\products\\adapters\\mappings\\item-api-to-item-map.ts","statementMap":{"0":{"start":{"line":4,"column":16},"end":{"line":4,"column":49}},"1":{"start":{"line":5,"column":2},"end":{"line":19,"column":4}}},"fnMap":{"0":{"name":"itemApiToItemMap","decl":{"start":{"line":3,"column":16},"end":{"line":3,"column":32}},"loc":{"start":{"line":3,"column":57},"end":{"line":20,"column":1}},"line":3}},"branchMap":{"0":{"loc":{"start":{"line":4,"column":16},"end":{"line":4,"column":49}},"type":"binary-expr","locations":[{"start":{"line":4,"column":16},"end":{"line":4,"column":43}},{"start":{"line":4,"column":47},"end":{"line":4,"column":49}}],"line":4},"1":{"loc":{"start":{"line":4,"column":17},"end":{"line":4,"column":39}},"type":"binary-expr","locations":[{"start":{"line":4,"column":17},"end":{"line":4,"column":31}},{"start":{"line":4,"column":35},"end":{"line":4,"column":39}}],"line":4},"2":{"loc":{"start":{"line":10,"column":19},"end":{"line":10,"column":60}},"type":"binary-expr","locations":[{"start":{"line":10,"column":19},"end":{"line":10,"column":51}},{"start":{"line":10,"column":55},"end":{"line":10,"column":60}}],"line":10},"3":{"loc":{"start":{"line":15,"column":17},"end":{"line":15,"column":35}},"type":"binary-expr","locations":[{"start":{"line":15,"column":17},"end":{"line":15,"column":30}},{"start":{"line":15,"column":34},"end":{"line":15,"column":35}}],"line":15}},"s":{"0":6,"1":6},"f":{"0":6},"b":{"0":[6,1],"1":[6,5],"2":[6,6],"3":[6,0]},"_coverageSchema":"1a1c01bbd47fc00a2c39e90264f33305004495a9","hash":"4a014a07f9a31d52c520b51f3837689b6e8c4f9d"}
,"D:\\git\\meli\\src\\modules\\products\\adapters\\repositories\\product-api.repository.ts": {"path":"D:\\git\\meli\\src\\modules\\products\\adapters\\repositories\\product-api.repository.ts","statementMap":{"0":{"start":{"line":10,"column":4},"end":{"line":10,"column":26}},"1":{"start":{"line":14,"column":27},"end":{"line":16,"column":13}},"2":{"start":{"line":17,"column":23},"end":{"line":17,"column":64}},"3":{"start":{"line":18,"column":4},"end":{"line":18,"column":60}},"4":{"start":{"line":18,"column":45},"end":{"line":18,"column":58}},"5":{"start":{"line":22,"column":20},"end":{"line":22,"column":49}},"6":{"start":{"line":23,"column":20},"end":{"line":25,"column":13}},"7":{"start":{"line":26,"column":18},"end":{"line":26,"column":45}},"8":{"start":{"line":28,"column":4},"end":{"line":28,"column":67}},"9":{"start":{"line":32,"column":20},"end":{"line":34,"column":13}},"10":{"start":{"line":35,"column":30},"end":{"line":37,"column":13}},"11":{"start":{"line":39,"column":17},"end":{"line":39,"column":35}},"12":{"start":{"line":40,"column":17},"end":{"line":40,"column":39}},"13":{"start":{"line":42,"column":4},"end":{"line":42,"column":57}},"14":{"start":{"line":43,"column":4},"end":{"line":43,"column":16}}},"fnMap":{"0":{"name":"(anonymous_0)","decl":{"start":{"line":9,"column":2},"end":{"line":9,"column":3}},"loc":{"start":{"line":9,"column":16},"end":{"line":11,"column":3}},"line":9},"1":{"name":"(anonymous_1)","decl":{"start":{"line":13,"column":2},"end":{"line":13,"column":3}},"loc":{"start":{"line":13,"column":62},"end":{"line":19,"column":3}},"line":13},"2":{"name":"(anonymous_2)","decl":{"start":{"line":18,"column":26},"end":{"line":18,"column":27}},"loc":{"start":{"line":18,"column":45},"end":{"line":18,"column":58}},"line":18},"3":{"name":"(anonymous_3)","decl":{"start":{"line":21,"column":2},"end":{"line":21,"column":3}},"loc":{"start":{"line":21,"column":53},"end":{"line":29,"column":3}},"line":21},"4":{"name":"(anonymous_4)","decl":{"start":{"line":31,"column":2},"end":{"line":31,"column":3}},"loc":{"start":{"line":31,"column":52},"end":{"line":44,"column":3}},"line":31}},"branchMap":{"0":{"loc":{"start":{"line":17,"column":23},"end":{"line":17,"column":64}},"type":"binary-expr","locations":[{"start":{"line":17,"column":23},"end":{"line":17,"column":58}},{"start":{"line":17,"column":62},"end":{"line":17,"column":64}}],"line":17},"1":{"loc":{"start":{"line":26,"column":18},"end":{"line":26,"column":45}},"type":"binary-expr","locations":[{"start":{"line":26,"column":18},"end":{"line":26,"column":39}},{"start":{"line":26,"column":43},"end":{"line":26,"column":45}}],"line":26},"2":{"loc":{"start":{"line":39,"column":17},"end":{"line":39,"column":35}},"type":"binary-expr","locations":[{"start":{"line":39,"column":17},"end":{"line":39,"column":29}},{"start":{"line":39,"column":33},"end":{"line":39,"column":35}}],"line":39}},"s":{"0":5,"1":1,"2":1,"3":1,"4":1,"5":1,"6":1,"7":1,"8":1,"9":1,"10":1,"11":1,"12":1,"13":1,"14":1},"f":{"0":5,"1":1,"2":1,"3":1,"4":1},"b":{"0":[1,0],"1":[1,0],"2":[1,0]},"_coverageSchema":"1a1c01bbd47fc00a2c39e90264f33305004495a9","hash":"89ef69b970e896cbef4db565a69c7f7956e9a1b4"}
,"D:\\git\\meli\\src\\modules\\products\\adapters\\services\\product.service.ts": {"path":"D:\\git\\meli\\src\\modules\\products\\adapters\\services\\product.service.ts","statementMap":{"0":{"start":{"line":4,"column":0},"end":{"line":7,"column":3}},"1":{"start":{"line":5,"column":19},"end":{"line":5,"column":60}},"2":{"start":{"line":6,"column":2},"end":{"line":6,"column":21}},"3":{"start":{"line":9,"column":0},"end":{"line":13,"column":3}},"4":{"start":{"line":10,"column":21},"end":{"line":10,"column":36}},"5":{"start":{"line":11,"column":15},"end":{"line":11,"column":77}},"6":{"start":{"line":12,"column":2},"end":{"line":12,"column":17}},"7":{"start":{"line":15,"column":0},"end":{"line":19,"column":3}},"8":{"start":{"line":16,"column":17},"end":{"line":16,"column":33}},"9":{"start":{"line":17,"column":15},"end":{"line":17,"column":76}},"10":{"start":{"line":18,"column":2},"end":{"line":18,"column":17}},"11":{"start":{"line":21,"column":0},"end":{"line":27,"column":3}},"12":{"start":{"line":22,"column":21},"end":{"line":22,"column":36}},"13":{"start":{"line":23,"column":19},"end":{"line":25,"column":3}},"14":{"start":{"line":26,"column":2},"end":{"line":26,"column":21}},"15":{"start":{"line":29,"column":0},"end":{"line":35,"column":3}},"16":{"start":{"line":30,"column":17},"end":{"line":30,"column":33}},"17":{"start":{"line":31,"column":19},"end":{"line":33,"column":3}},"18":{"start":{"line":34,"column":2},"end":{"line":34,"column":21}},"19":{"start":{"line":37,"column":0},"end":{"line":40,"column":3}},"20":{"start":{"line":38,"column":19},"end":{"line":38,"column":66}},"21":{"start":{"line":39,"column":2},"end":{"line":39,"column":21}}},"fnMap":{"0":{"name":"(anonymous_0)","decl":{"start":{"line":4,"column":13},"end":{"line":4,"column":14}},"loc":{"start":{"line":4,"column":33},"end":{"line":7,"column":1}},"line":4},"1":{"name":"(anonymous_1)","decl":{"start":{"line":9,"column":22},"end":{"line":9,"column":23}},"loc":{"start":{"line":9,"column":42},"end":{"line":13,"column":1}},"line":9},"2":{"name":"(anonymous_2)","decl":{"start":{"line":15,"column":25},"end":{"line":15,"column":26}},"loc":{"start":{"line":15,"column":45},"end":{"line":19,"column":1}},"line":15},"3":{"name":"(anonymous_3)","decl":{"start":{"line":21,"column":19},"end":{"line":21,"column":20}},"loc":{"start":{"line":21,"column":39},"end":{"line":27,"column":1}},"line":21},"4":{"name":"(anonymous_4)","decl":{"start":{"line":29,"column":22},"end":{"line":29,"column":23}},"loc":{"start":{"line":29,"column":42},"end":{"line":35,"column":1}},"line":29},"5":{"name":"(anonymous_5)","decl":{"start":{"line":37,"column":14},"end":{"line":37,"column":15}},"loc":{"start":{"line":37,"column":34},"end":{"line":40,"column":1}},"line":37}},"branchMap":{"0":{"loc":{"start":{"line":10,"column":21},"end":{"line":10,"column":36}},"type":"binary-expr","locations":[{"start":{"line":10,"column":21},"end":{"line":10,"column":30}},{"start":{"line":10,"column":34},"end":{"line":10,"column":36}}],"line":10},"1":{"loc":{"start":{"line":16,"column":17},"end":{"line":16,"column":33}},"type":"binary-expr","locations":[{"start":{"line":16,"column":17},"end":{"line":16,"column":27}},{"start":{"line":16,"column":31},"end":{"line":16,"column":33}}],"line":16},"2":{"loc":{"start":{"line":22,"column":21},"end":{"line":22,"column":36}},"type":"binary-expr","locations":[{"start":{"line":22,"column":21},"end":{"line":22,"column":30}},{"start":{"line":22,"column":34},"end":{"line":22,"column":36}}],"line":22},"3":{"loc":{"start":{"line":30,"column":17},"end":{"line":30,"column":33}},"type":"binary-expr","locations":[{"start":{"line":30,"column":17},"end":{"line":30,"column":27}},{"start":{"line":30,"column":31},"end":{"line":30,"column":33}}],"line":30}},"s":{"0":0,"1":0,"2":0,"3":0,"4":0,"5":0,"6":0,"7":0,"8":0,"9":0,"10":0,"11":0,"12":0,"13":0,"14":0,"15":0,"16":0,"17":0,"18":0,"19":0,"20":0,"21":0},"f":{"0":0,"1":0,"2":0,"3":0,"4":0,"5":0},"b":{"0":[0,0],"1":[0,0],"2":[0,0],"3":[0,0]}}
,"D:\\git\\meli\\src\\modules\\products\\applications\\index.ts": {"path":"D:\\git\\meli\\src\\modules\\products\\applications\\index.ts","statementMap":{},"fnMap":{},"branchMap":{},"s":{},"f":{},"b":{},"_coverageSchema":"1a1c01bbd47fc00a2c39e90264f33305004495a9","hash":"222f6d215e0331bcc7c25bbab0b851379c5cb094"}
,"D:\\git\\meli\\src\\modules\\products\\applications\\product.application.ts": {"path":"D:\\git\\meli\\src\\modules\\products\\applications\\product.application.ts","statementMap":{"0":{"start":{"line":12,"column":4},"end":{"line":12,"column":34}},"1":{"start":{"line":16,"column":18},"end":{"line":16,"column":63}},"2":{"start":{"line":17,"column":20},"end":{"line":17,"column":47}},"3":{"start":{"line":19,"column":23},"end":{"line":19,"column":75}},"4":{"start":{"line":20,"column":4},"end":{"line":24,"column":6}},"5":{"start":{"line":28,"column":17},"end":{"line":28,"column":61}},"6":{"start":{"line":29,"column":23},"end":{"line":29,"column":77}},"7":{"start":{"line":30,"column":4},"end":{"line":30,"column":48}},"8":{"start":{"line":34,"column":33},"end":{"line":34,"column":35}},"9":{"start":{"line":35,"column":4},"end":{"line":38,"column":7}},"10":{"start":{"line":36,"column":18},"end":{"line":36,"column":33}},"11":{"start":{"line":37,"column":6},"end":{"line":37,"column":61}},"12":{"start":{"line":40,"column":18},"end":{"line":40,"column":41}},"13":{"start":{"line":41,"column":4},"end":{"line":45,"column":7}},"14":{"start":{"line":42,"column":6},"end":{"line":44,"column":9}},"15":{"start":{"line":43,"column":10},"end":{"line":43,"column":64}},"16":{"start":{"line":46,"column":4},"end":{"line":46,"column":19}}},"fnMap":{"0":{"name":"(anonymous_0)","decl":{"start":{"line":11,"column":2},"end":{"line":11,"column":3}},"loc":{"start":{"line":11,"column":54},"end":{"line":13,"column":3}},"line":11},"1":{"name":"(anonymous_1)","decl":{"start":{"line":15,"column":2},"end":{"line":15,"column":3}},"loc":{"start":{"line":15,"column":39},"end":{"line":25,"column":3}},"line":15},"2":{"name":"(anonymous_2)","decl":{"start":{"line":27,"column":2},"end":{"line":27,"column":3}},"loc":{"start":{"line":27,"column":38},"end":{"line":31,"column":3}},"line":27},"3":{"name":"(anonymous_3)","decl":{"start":{"line":33,"column":2},"end":{"line":33,"column":3}},"loc":{"start":{"line":33,"column":41},"end":{"line":47,"column":3}},"line":33},"4":{"name":"(anonymous_4)","decl":{"start":{"line":35,"column":18},"end":{"line":35,"column":19}},"loc":{"start":{"line":35,"column":33},"end":{"line":38,"column":5}},"line":35},"5":{"name":"(anonymous_5)","decl":{"start":{"line":41,"column":41},"end":{"line":41,"column":42}},"loc":{"start":{"line":41,"column":50},"end":{"line":45,"column":5}},"line":41}},"branchMap":{"0":{"loc":{"start":{"line":37,"column":30},"end":{"line":37,"column":55}},"type":"binary-expr","locations":[{"start":{"line":37,"column":30},"end":{"line":37,"column":50}},{"start":{"line":37,"column":54},"end":{"line":37,"column":55}}],"line":37},"1":{"loc":{"start":{"line":42,"column":6},"end":{"line":44,"column":9}},"type":"if","locations":[{"start":{"line":42,"column":6},"end":{"line":44,"column":9}},{"start":{},"end":{}}],"line":42}},"s":{"0":4,"1":1,"2":1,"3":1,"4":1,"5":1,"6":1,"7":1,"8":1,"9":1,"10":1,"11":1,"12":1,"13":1,"14":1,"15":1,"16":1},"f":{"0":4,"1":1,"2":1,"3":1,"4":1,"5":1},"b":{"0":[1,1],"1":[1,0]},"_coverageSchema":"1a1c01bbd47fc00a2c39e90264f33305004495a9","hash":"ad066927922dcf195860bc95493917008385d414"}
,"D:\\git\\meli\\src\\modules\\products\\applications\\product.view.ts": {"path":"D:\\git\\meli\\src\\modules\\products\\applications\\product.view.ts","statementMap":{"0":{"start":{"line":9,"column":17},"end":{"line":9,"column":34}},"1":{"start":{"line":10,"column":4},"end":{"line":10,"column":16}},"2":{"start":{"line":14,"column":17},"end":{"line":14,"column":33}},"3":{"start":{"line":15,"column":4},"end":{"line":15,"column":16}},"4":{"start":{"line":19,"column":17},"end":{"line":19,"column":33}},"5":{"start":{"line":20,"column":4},"end":{"line":20,"column":16}},"6":{"start":{"line":24,"column":4},"end":{"line":24,"column":26}}},"fnMap":{"0":{"name":"(anonymous_0)","decl":{"start":{"line":8,"column":2},"end":{"line":8,"column":3}},"loc":{"start":{"line":8,"column":37},"end":{"line":11,"column":3}},"line":8},"1":{"name":"(anonymous_1)","decl":{"start":{"line":13,"column":2},"end":{"line":13,"column":3}},"loc":{"start":{"line":13,"column":55},"end":{"line":16,"column":3}},"line":13},"2":{"name":"(anonymous_2)","decl":{"start":{"line":18,"column":2},"end":{"line":18,"column":3}},"loc":{"start":{"line":18,"column":54},"end":{"line":21,"column":3}},"line":18},"3":{"name":"(anonymous_3)","decl":{"start":{"line":23,"column":2},"end":{"line":23,"column":3}},"loc":{"start":{"line":23,"column":43},"end":{"line":25,"column":3}},"line":23}},"branchMap":{},"s":{"0":1,"1":1,"2":1,"3":1,"4":1,"5":1,"6":1},"f":{"0":1,"1":1,"2":1,"3":1},"b":{},"_coverageSchema":"1a1c01bbd47fc00a2c39e90264f33305004495a9","hash":"fc6aa650fa443961f8deba68b48926802847eddc"}
,"D:\\git\\meli\\src\\modules\\products\\entities\\interfaces\\controller-api.interface.ts": {"path":"D:\\git\\meli\\src\\modules\\products\\entities\\interfaces\\controller-api.interface.ts","statementMap":{},"fnMap":{},"branchMap":{},"s":{},"f":{},"b":{}}
,"D:\\git\\meli\\src\\modules\\products\\entities\\interfaces\\controller-view.interface.ts": {"path":"D:\\git\\meli\\src\\modules\\products\\entities\\interfaces\\controller-view.interface.ts","statementMap":{},"fnMap":{},"branchMap":{},"s":{},"f":{},"b":{}}
,"D:\\git\\meli\\src\\modules\\products\\entities\\interfaces\\index.ts": {"path":"D:\\git\\meli\\src\\modules\\products\\entities\\interfaces\\index.ts","statementMap":{},"fnMap":{},"branchMap":{},"s":{},"f":{},"b":{}}
,"D:\\git\\meli\\src\\modules\\products\\entities\\interfaces\\product-application.interface.ts": {"path":"D:\\git\\meli\\src\\modules\\products\\entities\\interfaces\\product-application.interface.ts","statementMap":{},"fnMap":{},"branchMap":{},"s":{},"f":{},"b":{}}
,"D:\\git\\meli\\src\\modules\\products\\entities\\interfaces\\product-repository.interface.ts": {"path":"D:\\git\\meli\\src\\modules\\products\\entities\\interfaces\\product-repository.interface.ts","statementMap":{},"fnMap":{},"branchMap":{},"s":{},"f":{},"b":{}}
,"D:\\git\\meli\\src\\modules\\products\\entities\\interfaces\\product-view.interface.ts": {"path":"D:\\git\\meli\\src\\modules\\products\\entities\\interfaces\\product-view.interface.ts","statementMap":{},"fnMap":{},"branchMap":{},"s":{},"f":{},"b":{}}
,"D:\\git\\meli\\src\\modules\\products\\entities\\types\\index.ts": {"path":"D:\\git\\meli\\src\\modules\\products\\entities\\types\\index.ts","statementMap":{},"fnMap":{},"branchMap":{},"s":{},"f":{},"b":{}}
,"D:\\git\\meli\\src\\modules\\products\\entities\\types\\item-api.type.ts": {"path":"D:\\git\\meli\\src\\modules\\products\\entities\\types\\item-api.type.ts","statementMap":{},"fnMap":{},"branchMap":{},"s":{},"f":{},"b":{}}
,"D:\\git\\meli\\src\\modules\\products\\entities\\types\\item.type.ts": {"path":"D:\\git\\meli\\src\\modules\\products\\entities\\types\\item.type.ts","statementMap":{},"fnMap":{},"branchMap":{},"s":{},"f":{},"b":{}}
,"D:\\git\\meli\\src\\modules\\products\\view\\index.ts": {"path":"D:\\git\\meli\\src\\modules\\products\\view\\index.ts","statementMap":{},"fnMap":{},"branchMap":{},"s":{},"f":{},"b":{},"_coverageSchema":"1a1c01bbd47fc00a2c39e90264f33305004495a9","hash":"66ef57d20d78825ba2fc30588983e412946cbaa2"}
,"D:\\git\\meli\\src\\modules\\products\\view\\components\\index.ts": {"path":"D:\\git\\meli\\src\\modules\\products\\view\\components\\index.ts","statementMap":{},"fnMap":{},"branchMap":{},"s":{},"f":{},"b":{},"_coverageSchema":"1a1c01bbd47fc00a2c39e90264f33305004495a9","hash":"894fa407842bc12e7abddc359c7fdd89f6190afe"}
,"D:\\git\\meli\\src\\modules\\products\\view\\components\\breadcrumb\\Breadcrumb.ts": {"path":"D:\\git\\meli\\src\\modules\\products\\view\\components\\breadcrumb\\Breadcrumb.ts","statementMap":{"0":{"start":{"line":4,"column":2},"end":{"line":13,"column":5}},"1":{"start":{"line":5,"column":17},"end":{"line":5,"column":27}}},"fnMap":{"0":{"name":"breadcrumb","decl":{"start":{"line":3,"column":16},"end":{"line":3,"column":26}},"loc":{"start":{"line":3,"column":40},"end":{"line":14,"column":1}},"line":3},"1":{"name":"(anonymous_1)","decl":{"start":{"line":5,"column":10},"end":{"line":5,"column":11}},"loc":{"start":{"line":5,"column":17},"end":{"line":5,"column":27}},"line":5}},"branchMap":{},"s":{"0":3,"1":3},"f":{"0":3,"1":3},"b":{},"_coverageSchema":"1a1c01bbd47fc00a2c39e90264f33305004495a9","hash":"5fd6e910d09790a4272d84419eeb9cf04b119890"}
,"D:\\git\\meli\\src\\modules\\products\\view\\components\\detail-product\\DetailProduct.ts": {"path":"D:\\git\\meli\\src\\modules\\products\\view\\components\\detail-product\\DetailProduct.ts","statementMap":{"0":{"start":{"line":5,"column":4},"end":{"line":33,"column":7}},"1":{"start":{"line":8,"column":16},"end":{"line":8,"column":52}},"2":{"start":{"line":11,"column":21},"end":{"line":11,"column":35}}},"fnMap":{"0":{"name":"detailProduct","decl":{"start":{"line":4,"column":16},"end":{"line":4,"column":29}},"loc":{"start":{"line":4,"column":41},"end":{"line":34,"column":1}},"line":4},"1":{"name":"(anonymous_1)","decl":{"start":{"line":7,"column":12},"end":{"line":7,"column":13}},"loc":{"start":{"line":7,"column":36},"end":{"line":9,"column":13}},"line":7},"2":{"name":"(anonymous_2)","decl":{"start":{"line":11,"column":14},"end":{"line":11,"column":15}},"loc":{"start":{"line":11,"column":21},"end":{"line":11,"column":35}},"line":11}},"branchMap":{},"s":{"0":2,"1":2,"2":2},"f":{"0":2,"1":2,"2":2},"b":{},"_coverageSchema":"1a1c01bbd47fc00a2c39e90264f33305004495a9","hash":"558153f1c6ceacc38c2232a2f992a859583bfc22"}
,"D:\\git\\meli\\src\\modules\\products\\view\\components\\list-products\\ListProducts.ts": {"path":"D:\\git\\meli\\src\\modules\\products\\view\\components\\list-products\\ListProducts.ts","statementMap":{"0":{"start":{"line":5,"column":2},"end":{"line":26,"column":5}},"1":{"start":{"line":8,"column":8},"end":{"line":8,"column":44}},"2":{"start":{"line":11,"column":17},"end":{"line":11,"column":26}}},"fnMap":{"0":{"name":"listProducts","decl":{"start":{"line":4,"column":16},"end":{"line":4,"column":28}},"loc":{"start":{"line":4,"column":48},"end":{"line":27,"column":1}},"line":4},"1":{"name":"(anonymous_1)","decl":{"start":{"line":7,"column":6},"end":{"line":7,"column":7}},"loc":{"start":{"line":7,"column":30},"end":{"line":9,"column":7}},"line":7},"2":{"name":"(anonymous_2)","decl":{"start":{"line":11,"column":10},"end":{"line":11,"column":11}},"loc":{"start":{"line":11,"column":17},"end":{"line":11,"column":26}},"line":11}},"branchMap":{"0":{"loc":{"start":{"line":4,"column":29},"end":{"line":4,"column":46}},"type":"default-arg","locations":[{"start":{"line":4,"column":44},"end":{"line":4,"column":46}}],"line":4}},"s":{"0":2,"1":2,"2":2},"f":{"0":2,"1":2,"2":2},"b":{"0":[0]},"_coverageSchema":"1a1c01bbd47fc00a2c39e90264f33305004495a9","hash":"4d1e13b881a74ce05b9cdd911eaea385aa0db07c"}
,"D:\\git\\meli\\src\\modules\\products\\view\\components\\search\\SearchComponent.ts": {"path":"D:\\git\\meli\\src\\modules\\products\\view\\components\\search\\SearchComponent.ts","statementMap":{"0":{"start":{"line":4,"column":2},"end":{"line":28,"column":5}},"1":{"start":{"line":6,"column":6},"end":{"line":8,"column":8}}},"fnMap":{"0":{"name":"searchComponent","decl":{"start":{"line":3,"column":16},"end":{"line":3,"column":31}},"loc":{"start":{"line":3,"column":48},"end":{"line":29,"column":1}},"line":3},"1":{"name":"(anonymous_1)","decl":{"start":{"line":5,"column":4},"end":{"line":5,"column":5}},"loc":{"start":{"line":5,"column":11},"end":{"line":9,"column":5}},"line":5}},"branchMap":{},"s":{"0":3,"1":3},"f":{"0":3,"1":3},"b":{},"_coverageSchema":"1a1c01bbd47fc00a2c39e90264f33305004495a9","hash":"6b616c2d36662fb581f6ffca7fcdbc4db7f7b40b"}
,"D:\\git\\meli\\src\\modules\\products\\view\\container\\container.view.ts": {"path":"D:\\git\\meli\\src\\modules\\products\\view\\container\\container.view.ts","statementMap":{"0":{"start":{"line":2,"column":2},"end":{"line":26,"column":8}}},"fnMap":{"0":{"name":"containerView","decl":{"start":{"line":1,"column":22},"end":{"line":1,"column":35}},"loc":{"start":{"line":1,"column":50},"end":{"line":27,"column":1}},"line":1}},"branchMap":{},"s":{"0":4},"f":{"0":4},"b":{},"_coverageSchema":"1a1c01bbd47fc00a2c39e90264f33305004495a9","hash":"7b9cc8a5fcc08ac415d307404d301c3552663cea"}
,"D:\\git\\meli\\src\\modules\\products\\view\\detail\\detail.view.ts": {"path":"D:\\git\\meli\\src\\modules\\products\\view\\detail\\detail.view.ts","statementMap":{"0":{"start":{"line":6,"column":17},"end":{"line":6,"column":36}},"1":{"start":{"line":7,"column":21},"end":{"line":7,"column":49}},"2":{"start":{"line":9,"column":17},"end":{"line":9,"column":47}},"3":{"start":{"line":10,"column":21},"end":{"line":10,"column":49}},"4":{"start":{"line":12,"column":22},"end":{"line":12,"column":49}},"5":{"start":{"line":13,"column":25},"end":{"line":13,"column":58}},"6":{"start":{"line":15,"column":2},"end":{"line":19,"column":7}}},"fnMap":{"0":{"name":"detailView","decl":{"start":{"line":5,"column":22},"end":{"line":5,"column":32}},"loc":{"start":{"line":5,"column":44},"end":{"line":20,"column":1}},"line":5}},"branchMap":{},"s":{"0":1,"1":1,"2":1,"3":1,"4":1,"5":1,"6":1},"f":{"0":1},"b":{},"_coverageSchema":"1a1c01bbd47fc00a2c39e90264f33305004495a9","hash":"f688d1e51082677225e8f593945221158ac06348"}
,"D:\\git\\meli\\src\\modules\\products\\view\\not-found\\not-found.view.ts": {"path":"D:\\git\\meli\\src\\modules\\products\\view\\not-found\\not-found.view.ts","statementMap":{"0":{"start":{"line":4,"column":4},"end":{"line":11,"column":7}}},"fnMap":{"0":{"name":"notFoundView","decl":{"start":{"line":3,"column":22},"end":{"line":3,"column":34}},"loc":{"start":{"line":3,"column":37},"end":{"line":12,"column":1}},"line":3}},"branchMap":{},"s":{"0":1},"f":{"0":1},"b":{},"_coverageSchema":"1a1c01bbd47fc00a2c39e90264f33305004495a9","hash":"7479a4f1f16f1a1290ded65c27a89b85f2ac3b5c"}
,"D:\\git\\meli\\src\\modules\\products\\view\\results\\result.view.ts": {"path":"D:\\git\\meli\\src\\modules\\products\\view\\results\\result.view.ts","statementMap":{"0":{"start":{"line":6,"column":17},"end":{"line":6,"column":45}},"1":{"start":{"line":7,"column":21},"end":{"line":7,"column":49}},"2":{"start":{"line":9,"column":24},"end":{"line":9,"column":48}},"3":{"start":{"line":10,"column":27},"end":{"line":10,"column":62}},"4":{"start":{"line":12,"column":22},"end":{"line":12,"column":49}},"5":{"start":{"line":13,"column":25},"end":{"line":13,"column":58}},"6":{"start":{"line":15,"column":2},"end":{"line":19,"column":9}}},"fnMap":{"0":{"name":"resultView","decl":{"start":{"line":5,"column":22},"end":{"line":5,"column":32}},"loc":{"start":{"line":5,"column":44},"end":{"line":20,"column":1}},"line":5}},"branchMap":{},"s":{"0":1,"1":1,"2":1,"3":1,"4":1,"5":1,"6":1},"f":{"0":1},"b":{},"_coverageSchema":"1a1c01bbd47fc00a2c39e90264f33305004495a9","hash":"4fea795dcff1a58efebeff3123043e323e232cd4"}
,"D:\\git\\meli\\src\\modules\\products\\view\\search-empty\\search-empty.view.ts": {"path":"D:\\git\\meli\\src\\modules\\products\\view\\search-empty\\search-empty.view.ts","statementMap":{"0":{"start":{"line":6,"column":17},"end":{"line":6,"column":36}},"1":{"start":{"line":7,"column":21},"end":{"line":7,"column":49}},"2":{"start":{"line":8,"column":2},"end":{"line":8,"column":40}}},"fnMap":{"0":{"name":"searchEmptyView","decl":{"start":{"line":5,"column":22},"end":{"line":5,"column":37}},"loc":{"start":{"line":5,"column":40},"end":{"line":9,"column":1}},"line":5}},"branchMap":{},"s":{"0":1,"1":1,"2":1},"f":{"0":1},"b":{},"_coverageSchema":"1a1c01bbd47fc00a2c39e90264f33305004495a9","hash":"74afc794cd60dea38a7c10948d002e0a722a0937"}
,"D:\\git\\meli\\src\\utils\\format.ts": {"path":"D:\\git\\meli\\src\\utils\\format.ts","statementMap":{"0":{"start":{"line":2,"column":17},"end":{"line":2,"column":84}},"1":{"start":{"line":3,"column":23},"end":{"line":3,"column":62}},"2":{"start":{"line":4,"column":1},"end":{"line":4,"column":36}},"3":{"start":{"line":8,"column":9},"end":{"line":8,"column":27}},"4":{"start":{"line":9,"column":1},"end":{"line":9,"column":43}},"5":{"start":{"line":10,"column":1},"end":{"line":10,"column":49}},"6":{"start":{"line":11,"column":1},"end":{"line":11,"column":43}},"7":{"start":{"line":12,"column":1},"end":{"line":12,"column":42}},"8":{"start":{"line":13,"column":1},"end":{"line":13,"column":47}},"9":{"start":{"line":14,"column":1},"end":{"line":14,"column":47}},"10":{"start":{"line":15,"column":1},"end":{"line":15,"column":42}},"11":{"start":{"line":16,"column":1},"end":{"line":16,"column":48}},"12":{"start":{"line":17,"column":1},"end":{"line":17,"column":43}},"13":{"start":{"line":18,"column":1},"end":{"line":18,"column":47}},"14":{"start":{"line":19,"column":1},"end":{"line":19,"column":45}},"15":{"start":{"line":20,"column":1},"end":{"line":20,"column":43}},"16":{"start":{"line":21,"column":1},"end":{"line":21,"column":10}}},"fnMap":{"0":{"name":"formatCurrecy","decl":{"start":{"line":1,"column":16},"end":{"line":1,"column":29}},"loc":{"start":{"line":1,"column":53},"end":{"line":5,"column":1}},"line":1},"1":{"name":"convertNormalizedText","decl":{"start":{"line":7,"column":16},"end":{"line":7,"column":37}},"loc":{"start":{"line":7,"column":52},"end":{"line":22,"column":1}},"line":7}},"branchMap":{},"s":{"0":5,"1":5,"2":5,"3":2,"4":2,"5":2,"6":2,"7":2,"8":2,"9":2,"10":2,"11":2,"12":2,"13":2,"14":2,"15":2,"16":2},"f":{"0":5,"1":2},"b":{},"_coverageSchema":"1a1c01bbd47fc00a2c39e90264f33305004495a9","hash":"bc8419643c6cc279480fe694cd940329899223a3"}
}
