TN:
SF:src\index.ts
FNF:0
FNH:0
DA:5,0
LF:1
LH:0
BRF:0
BRH:0
end_of_record
TN:
SF:src\core\app.ts
FN:8,startService
FN:9,(anonymous_1)
FNF:2
FNH:0
FNDA:0,startService
FNDA:0,(anonymous_1)
DA:4,0
DA:5,0
DA:7,0
DA:9,0
DA:12,0
LF:5
LH:0
BRDA:7,0,0,0
BRDA:7,0,1,0
BRF:2
BRH:0
end_of_record
TN:
SF:src\core\index.ts
FNF:0
FNH:0
LF:0
LH:0
BRF:0
BRH:0
end_of_record
TN:
SF:src\core\signature.ts
FN:1,getAuthor
FNF:1
FNH:1
FNDA:2,getAuthor
DA:2,2
LF:1
LH:1
BRF:0
BRH:0
end_of_record
TN:
SF:src\modules\products\index.ts
FNF:0
FNH:0
LF:0
LH:0
BRF:0
BRH:0
end_of_record
TN:
SF:src\modules\products\adapters\controllers\products.ctrl.ts
FN:14,(anonymous_0)
FN:19,(anonymous_1)
FN:29,(anonymous_2)
FN:41,(anonymous_3)
FN:45,(anonymous_4)
FN:49,(anonymous_5)
FN:53,(anonymous_6)
FNF:7
FNH:3
FNDA:2,(anonymous_0)
FNDA:0,(anonymous_1)
FNDA:0,(anonymous_2)
FNDA:1,(anonymous_3)
FNDA:1,(anonymous_4)
FNDA:0,(anonymous_5)
FNDA:0,(anonymous_6)
DA:15,2
DA:16,2
DA:20,0
DA:21,0
DA:22,0
DA:23,0
DA:25,0
DA:27,0
DA:30,0
DA:32,0
DA:33,0
DA:34,0
DA:36,0
DA:39,0
DA:42,1
DA:46,1
DA:50,0
DA:54,0
LF:18
LH:4
BRF:0
BRH:0
end_of_record
TN:
SF:src\modules\products\adapters\repositories\product-api.repository.ts
FN:6,(anonymous_0)
FN:11,(anonymous_1)
FN:14,(anonymous_2)
FN:24,(anonymous_3)
FNF:4
FNH:4
FNDA:1,(anonymous_0)
FNDA:1,(anonymous_1)
FNDA:1,(anonymous_2)
FNDA:1,(anonymous_3)
DA:7,1
DA:10,1
DA:11,1
DA:15,1
DA:16,1
DA:19,1
DA:21,1
DA:25,1
DA:28,1
DA:32,1
DA:33,1
DA:35,1
DA:36,1
LF:13
LH:13
BRDA:10,0,0,1
BRDA:10,0,1,0
BRDA:19,1,0,1
BRDA:19,1,1,0
BRDA:32,2,0,1
BRDA:32,2,1,0
BRF:6
BRH:3
end_of_record
TN:
SF:src\modules\products\adapters\services\product.service.ts
FN:4,(anonymous_0)
FN:9,(anonymous_1)
FN:15,(anonymous_2)
FN:21,(anonymous_3)
FN:29,(anonymous_4)
FN:37,(anonymous_5)
FNF:6
FNH:0
FNDA:0,(anonymous_0)
FNDA:0,(anonymous_1)
FNDA:0,(anonymous_2)
FNDA:0,(anonymous_3)
FNDA:0,(anonymous_4)
FNDA:0,(anonymous_5)
DA:4,0
DA:5,0
DA:6,0
DA:9,0
DA:10,0
DA:11,0
DA:12,0
DA:15,0
DA:16,0
DA:17,0
DA:18,0
DA:21,0
DA:22,0
DA:23,0
DA:26,0
DA:29,0
DA:30,0
DA:31,0
DA:34,0
DA:37,0
DA:38,0
DA:39,0
LF:22
LH:0
BRDA:10,0,0,0
BRDA:10,0,1,0
BRDA:16,1,0,0
BRDA:16,1,1,0
BRDA:22,2,0,0
BRDA:22,2,1,0
BRDA:30,3,0,0
BRDA:30,3,1,0
BRF:8
BRH:0
end_of_record
TN:
SF:src\modules\products\applications\index.ts
FNF:0
FNH:0
LF:0
LH:0
BRF:0
BRH:0
end_of_record
TN:
SF:src\modules\products\applications\product.application.ts
FN:11,(anonymous_0)
FN:15,(anonymous_1)
FN:27,(anonymous_2)
FN:33,(anonymous_3)
FN:35,(anonymous_4)
FN:41,(anonymous_5)
FNF:6
FNH:6
FNDA:4,(anonymous_0)
FNDA:1,(anonymous_1)
FNDA:1,(anonymous_2)
FNDA:1,(anonymous_3)
FNDA:1,(anonymous_4)
FNDA:1,(anonymous_5)
DA:12,4
DA:16,1
DA:17,1
DA:19,1
DA:20,1
DA:28,1
DA:29,1
DA:30,1
DA:34,1
DA:35,1
DA:36,1
DA:37,1
DA:40,1
DA:41,1
DA:42,1
DA:45,1
LF:16
LH:16
BRDA:37,0,0,1
BRDA:37,0,1,1
BRDA:42,1,0,1
BRDA:42,1,1,1
BRF:4
BRH:4
end_of_record
TN:
SF:src\modules\products\applications\product.view.ts
FN:8,(anonymous_0)
FN:12,(anonymous_1)
FN:16,(anonymous_2)
FN:21,(anonymous_3)
FNF:4
FNH:4
FNDA:1,(anonymous_0)
FNDA:1,(anonymous_1)
FNDA:1,(anonymous_2)
FNDA:1,(anonymous_3)
DA:9,1
DA:10,1
DA:13,1
DA:14,1
DA:17,1
DA:18,1
DA:22,1
LF:7
LH:7
BRF:0
BRH:0
end_of_record
TN:
SF:src\modules\products\entities\interfaces\controller-api.interface.ts
FNF:0
FNH:0
LF:0
LH:0
BRF:0
BRH:0
end_of_record
TN:
SF:src\modules\products\entities\interfaces\controller-view.interface.ts
FNF:0
FNH:0
LF:0
LH:0
BRF:0
BRH:0
end_of_record
TN:
SF:src\modules\products\entities\interfaces\index.ts
FNF:0
FNH:0
LF:0
LH:0
BRF:0
BRH:0
end_of_record
TN:
SF:src\modules\products\entities\interfaces\product-application.interface.ts
FNF:0
FNH:0
LF:0
LH:0
BRF:0
BRH:0
end_of_record
TN:
SF:src\modules\products\entities\interfaces\product-repository.interfaces.ts
FNF:0
FNH:0
LF:0
LH:0
BRF:0
BRH:0
end_of_record
TN:
SF:src\modules\products\entities\interfaces\product-view.interface.ts
FNF:0
FNH:0
LF:0
LH:0
BRF:0
BRH:0
end_of_record
TN:
SF:src\modules\products\entities\mappings\item-api-to-item-map.ts
FN:3,itemApiToItemMap
FNF:1
FNH:1
FNDA:6,itemApiToItemMap
DA:4,6
DA:5,6
LF:2
LH:2
BRDA:4,0,0,6
BRDA:4,0,1,1
BRDA:4,1,0,6
BRDA:4,1,1,5
BRDA:10,2,0,6
BRDA:10,2,1,6
BRDA:15,3,0,6
BRDA:15,3,1,0
BRF:8
BRH:7
end_of_record
TN:
SF:src\modules\products\entities\types\index.ts
FNF:0
FNH:0
LF:0
LH:0
BRF:0
BRH:0
end_of_record
TN:
SF:src\modules\products\entities\types\item-api.type.ts
FNF:0
FNH:0
LF:0
LH:0
BRF:0
BRH:0
end_of_record
TN:
SF:src\modules\products\entities\types\item.type.ts
FNF:0
FNH:0
LF:0
LH:0
BRF:0
BRH:0
end_of_record
TN:
SF:src\modules\products\view\index.ts
FNF:0
FNH:0
LF:0
LH:0
BRF:0
BRH:0
end_of_record
TN:
SF:src\modules\products\view\components\index.ts
FNF:0
FNH:0
LF:0
LH:0
BRF:0
BRH:0
end_of_record
TN:
SF:src\modules\products\view\components\breadcrumb\Breadcrumb.ts
FN:3,breadcrumb
FN:5,(anonymous_1)
FNF:2
FNH:2
FNDA:3,breadcrumb
FNDA:3,(anonymous_1)
DA:4,3
DA:6,3
LF:2
LH:2
BRF:0
BRH:0
end_of_record
TN:
SF:src\modules\products\view\components\detail-product\DetailProduct.ts
FN:4,detailProduct
FN:7,(anonymous_1)
FN:11,(anonymous_2)
FNF:3
FNH:3
FNDA:2,detailProduct
FNDA:2,(anonymous_1)
FNDA:2,(anonymous_2)
DA:5,2
DA:8,2
DA:12,2
LF:3
LH:3
BRF:0
BRH:0
end_of_record
TN:
SF:src\modules\products\view\components\list-products\ListProducts.ts
FN:4,listProducts
FN:7,(anonymous_1)
FN:11,(anonymous_2)
FNF:3
FNH:3
FNDA:2,listProducts
FNDA:2,(anonymous_1)
FNDA:2,(anonymous_2)
DA:5,2
DA:8,2
DA:12,2
LF:3
LH:3
BRDA:4,0,0,0
BRF:1
BRH:0
end_of_record
TN:
SF:src\modules\products\view\components\search\SearchComponent.ts
FN:3,searchComponent
FN:5,(anonymous_1)
FNF:2
FNH:2
FNDA:3,searchComponent
FNDA:3,(anonymous_1)
DA:4,3
DA:6,3
LF:2
LH:2
BRF:0
BRH:0
end_of_record
TN:
SF:src\modules\products\view\container\container.view.ts
FN:1,containerView
FNF:1
FNH:1
FNDA:4,containerView
DA:2,4
LF:1
LH:1
BRF:0
BRH:0
end_of_record
TN:
SF:src\modules\products\view\detail\detail.view.ts
FN:5,detailView
FNF:1
FNH:1
FNDA:1,detailView
DA:6,1
DA:7,1
DA:9,1
DA:10,1
DA:12,1
DA:13,1
DA:15,1
LF:7
LH:7
BRF:0
BRH:0
end_of_record
TN:
SF:src\modules\products\view\not-found\not-found.view.ts
FN:3,notFoundView
FNF:1
FNH:1
FNDA:1,notFoundView
DA:4,1
LF:1
LH:1
BRF:0
BRH:0
end_of_record
TN:
SF:src\modules\products\view\results\result.view.ts
FN:5,resultView
FNF:1
FNH:1
FNDA:1,resultView
DA:6,1
DA:7,1
DA:9,1
DA:10,1
DA:12,1
DA:13,1
DA:15,1
LF:7
LH:7
BRF:0
BRH:0
end_of_record
TN:
SF:src\modules\products\view\search-empty\search-Empty.view.ts
FN:5,searchEmptyView
FNF:1
FNH:1
FNDA:1,searchEmptyView
DA:6,1
DA:7,1
DA:8,1
LF:3
LH:3
BRF:0
BRH:0
end_of_record
TN:
SF:src\utils\format.ts
FN:1,formatCurrecy
FN:7,convertNormalizedText
FNF:2
FNH:2
FNDA:5,formatCurrecy
FNDA:2,convertNormalizedText
DA:2,5
DA:3,5
DA:4,5
DA:8,2
DA:9,2
DA:10,2
DA:11,2
DA:12,2
DA:13,2
DA:14,2
DA:15,2
DA:16,2
DA:17,2
DA:18,2
DA:19,2
DA:20,2
DA:21,2
LF:17
LH:17
BRF:0
BRH:0
end_of_record
